<?xml version="1.0" encoding="UTF-8"?>
<!-- Generated by org.testng.reporters.JUnitReportReporter -->
<testsuite hostname="Saurabhchoudhari" failures="0" tests="2" name="MavenPractice.MavenTest.AppiumTest" time="0.011" errors="0" timestamp="2024-02-01T15:41:14 IST" skipped="0">
  <testcase classname="MavenPractice.MavenTest.AppiumTest" name="iosApp" time="0.010"/>
  <testcase classname="MavenPractice.MavenTest.AppiumTest" name="nativeAppAndroid" time="0.001"/>
</testsuite> <!-- MavenPractice.MavenTest.AppiumTest -->
