<?xml version="1.0" encoding="UTF-8"?>
<!-- Generated by org.testng.reporters.JUnitReportReporter -->
<testsuite hostname="Saurabhchoudhari" failures="0" tests="2" name="MavenPractice.MavenTest.RestAssuredAPITest" time="0.002" errors="0" timestamp="2024-02-01T15:41:14 IST" skipped="0">
  <testcase classname="MavenPractice.MavenTest.RestAssuredAPITest" name="postJira" time="0.001"/>
  <testcase classname="MavenPractice.MavenTest.RestAssuredAPITest" name="deleteTwitter" time="0.001"/>
</testsuite> <!-- MavenPractice.MavenTest.RestAssuredAPITest -->
