<?xml version="1.0" encoding="UTF-8"?>
<!-- Generated by org.testng.reporters.JUnitReportReporter -->
<testsuite hostname="Saurabhchoudhari" failures="0" tests="2" name="MavenPractice.MavenTest.SeleniumTest" time="0.002" errors="0" timestamp="2024-02-01T15:40:59 IST" skipped="0">
  <testcase classname="MavenPractice.MavenTest.SeleniumTest" name="elementUI" time="0.001"/>
  <testcase classname="MavenPractice.MavenTest.SeleniumTest" name="browserAutomaton" time="0.001"/>
</testsuite> <!-- MavenPractice.MavenTest.SeleniumTest -->
